[2024-07-01 20:52:43.848] [info] Using configuration file /home/arvind/.config/waybar/config
[2024-07-01 20:52:43.851] [info] Unable to receive desktop appearance: GDBus.Error:org.freedesktop.DBus.Error.UnknownMethod: No such interface “org.freedesktop.portal.Settings” on object at path /org/freedesktop/portal/desktop
[2024-07-01 20:52:43.851] [info] Using CSS file /home/arvind/.config/waybar/style.css
[2024-07-01 20:52:43.934] [info] Bar configured (width: 1920, height: 32) for output: HDMI-A-1
[2024-07-02 12:22:12.780] [info] Using configuration file /home/arvind/.config/waybar/config
[2024-07-02 12:22:12.782] [info] Unable to receive desktop appearance: GDBus.Error:org.freedesktop.DBus.Error.UnknownMethod: No such interface “org.freedesktop.portal.Settings” on object at path /org/freedesktop/portal/desktop
[2024-07-02 12:22:12.782] [info] Using CSS file /home/arvind/.config/waybar/style.css
[2024-07-02 12:22:12.800] [error] media stopped unexpectedly, is it endless?
[2024-07-02 12:22:12.831] [info] Bar configured (width: 1920, height: 32) for output: HDMI-A-1

** (waybar:5091): WARNING **: 15:05:29.775: Status Notifier Item with bus name ':1.126' and object path '/StatusNotifierItem' is already registered

** (waybar:5091): WARNING **: 15:05:29.776: Status Notifier Item with bus name ':1.209' and object path '/org/ayatana/NotificationItem/spotify_client' is already registered
[2024-07-02 15:05:29.777] [error] Host: GDBus.Error:org.freedesktop.DBus.Error.InvalidArgs: Status Notifier Host with bus name ':1.45' and object path '/StatusNotifierHost/0' is already registered
[2024-07-02 15:06:28.953] [info] Using configuration file /home/arvind/.config/waybar/config
[2024-07-02 15:06:28.956] [info] Unable to receive desktop appearance: GDBus.Error:org.freedesktop.DBus.Error.UnknownMethod: No such interface “org.freedesktop.portal.Settings” on object at path /org/freedesktop/portal/desktop
[2024-07-02 15:06:28.956] [info] Using CSS file /home/arvind/.config/waybar/style.css
[2024-07-02 15:06:29.009] [info] Bar configured (width: 1920, height: 32) for output: HDMI-A-1
[2024-07-02 15:06:29.149] [error] media stopped unexpectedly, is it endless?
[2024-07-02 15:10:30.736] [info] Using configuration file /home/arvind/.config/waybar/config
[2024-07-02 15:10:30.739] [info] Unable to receive desktop appearance: GDBus.Error:org.freedesktop.DBus.Error.UnknownMethod: No such interface “org.freedesktop.portal.Settings” on object at path /org/freedesktop/portal/desktop
[2024-07-02 15:10:30.739] [info] Using CSS file /home/arvind/.config/waybar/style.css
[2024-07-02 15:10:30.762] [error] media stopped unexpectedly, is it endless?
[2024-07-02 15:10:30.795] [info] Bar configured (width: 1920, height: 32) for output: HDMI-A-1
[2024-07-02 15:12:07.556] [info] Using configuration file /home/arvind/.config/waybar/config
[2024-07-02 15:12:07.558] [info] Unable to receive desktop appearance: GDBus.Error:org.freedesktop.DBus.Error.UnknownMethod: No such interface “org.freedesktop.portal.Settings” on object at path /org/freedesktop/portal/desktop
[2024-07-02 15:12:07.558] [info] Using CSS file /home/arvind/.config/waybar/style.css
[2024-07-02 15:12:07.607] [info] Bar configured (width: 1920, height: 32) for output: HDMI-A-1
[2024-07-02 15:12:49.648] [info] Using configuration file /home/arvind/.config/waybar/config
[2024-07-02 15:12:49.648] [error] Error parsing JSON: * Line 50, Column 6
  Missing ',' or '}' in object declaration

[2024-07-02 15:13:04.760] [info] Using configuration file /home/arvind/.config/waybar/config
[2024-07-02 15:13:04.763] [info] Unable to receive desktop appearance: GDBus.Error:org.freedesktop.DBus.Error.UnknownMethod: No such interface “org.freedesktop.portal.Settings” on object at path /org/freedesktop/portal/desktop
[2024-07-02 15:13:04.763] [info] Using CSS file /home/arvind/.config/waybar/style.css
[2024-07-02 15:13:04.813] [info] Bar configured (width: 1920, height: 32) for output: HDMI-A-1
Gdk-Message: 17:07:09.070: Lost connection to Wayland compositor.
[2024-07-09 14:15:42.211] [info] Using configuration file /home/arvind/.config/waybar/config
[2024-07-09 14:15:42.218] [info] Discovered appearance 'dark'
[2024-07-09 14:15:42.218] [info] Using CSS file /home/arvind/.config/waybar/style.css
[2024-07-09 14:15:42.234] [info] Hyprland IPC starting
[2024-07-09 14:15:42.237] [info] Loading persistent workspaces from Hyprland workspace rules
[2024-07-09 14:15:42.327] [info] Bar configured (width: 1920, height: 44) for output: HDMI-A-1
[2024-07-09 14:16:48.256] [info] Using configuration file /home/arvind/.config/waybar/config
[2024-07-09 14:16:48.259] [info] Discovered appearance 'dark'
[2024-07-09 14:16:48.260] [info] Using CSS file /home/arvind/.config/waybar/style.css
[2024-07-09 14:16:48.273] [info] Hyprland IPC starting
[2024-07-09 14:16:48.276] [info] Loading persistent workspaces from Hyprland workspace rules
[2024-07-09 14:16:48.338] [info] Bar configured (width: 1920, height: 44) for output: HDMI-A-1
[2024-07-09 14:22:54.218] [info] Using configuration file /home/arvind/.config/waybar/config
[2024-07-09 14:22:54.221] [info] Discovered appearance 'dark'
[2024-07-09 14:22:54.221] [info] Using CSS file /home/arvind/.config/waybar/style.css
[2024-07-09 14:22:54.235] [info] Hyprland IPC starting
[2024-07-09 14:22:54.237] [info] Loading persistent workspaces from Hyprland workspace rules
[2024-07-09 14:22:54.295] [info] Bar configured (width: 1920, height: 32) for output: HDMI-A-1
Gdk-Message: 15:33:02.077: Error reading events from display: Broken pipe
Authorization required, but no authorization protocol specified


(waybar:115158): Gtk-WARNING **: 17:54:49.408: cannot open display: :0
Authorization required, but no authorization protocol specified


(waybar:115160): Gtk-WARNING **: 17:54:54.396: cannot open display: :0
Authorization required, but no authorization protocol specified


(waybar:115206): Gtk-WARNING **: 17:55:05.497: cannot open display: :0
[2024-07-09 17:55:16.506] [info] Using configuration file /home/arvind/.config/waybar/config
[2024-07-09 17:55:16.509] [info] Discovered appearance 'dark'
[2024-07-09 17:55:16.509] [info] Using CSS file /home/arvind/.config/waybar/style.css
[2024-07-09 17:55:16.523] [info] Hyprland IPC starting
[2024-07-09 17:55:16.526] [info] Loading persistent workspaces from Hyprland workspace rules
[2024-07-09 17:55:16.588] [info] Bar configured (width: 1920, height: 32) for output: HDMI-A-1
sudo: a terminal is required to read the password; either use the -S option to read from standard input or configure an askpass helper
sudo: a password is required
[2024-07-09 18:29:05.580] [info] Using configuration file /home/arvind/.config/waybar/config
[2024-07-09 18:29:05.586] [info] Discovered appearance 'dark'
[2024-07-09 18:29:05.586] [info] Using CSS file /home/arvind/.config/waybar/style.css
[2024-07-09 18:29:05.599] [info] Hyprland IPC starting
[2024-07-09 18:29:05.601] [info] Loading persistent workspaces from Hyprland workspace rules
[2024-07-09 18:29:05.680] [info] Bar configured (width: 1920, height: 32) for output: HDMI-A-1
[2024-07-09 18:37:16.051] [info] Using configuration file /home/arvind/.config/waybar/config
[2024-07-09 18:37:16.054] [info] Discovered appearance 'dark'
[2024-07-09 18:37:16.054] [info] Using CSS file /home/arvind/.config/waybar/style.css
[2024-07-09 18:37:16.068] [info] Hyprland IPC starting
[2024-07-09 18:37:16.070] [info] Loading persistent workspaces from Hyprland workspace rules
New output: 47
Output 47: name = "HDMI-A-1"
Output 47: ramp_size = 1024
todo: handle signal: Some("NameAcquired")
todo: handle signal: Some("NameAcquired")
[2024-07-09 18:37:16.129] [info] Bar configured (width: 1920, height: 32) for output: HDMI-A-1
[2024-07-09 18:39:25.293] [info] Using configuration file /home/arvind/.config/waybar/config
[2024-07-09 18:39:25.296] [info] Discovered appearance 'dark'
[2024-07-09 18:39:25.296] [info] Using CSS file /home/arvind/.config/waybar/style.css
[2024-07-09 18:39:25.310] [info] Hyprland IPC starting
[2024-07-09 18:39:25.312] [info] Loading persistent workspaces from Hyprland workspace rules
New output: 47
Output 47: name = "HDMI-A-1"
Output 47: ramp_size = 1024
todo: handle signal: Some("NameAcquired")
todo: handle signal: Some("NameAcquired")
[2024-07-09 18:39:25.375] [info] Bar configured (width: 1920, height: 32) for output: HDMI-A-1
[2024-07-09 18:43:08.650] [info] Using configuration file /home/arvind/.config/waybar/config
[2024-07-09 18:43:08.653] [info] Discovered appearance 'dark'
[2024-07-09 18:43:08.653] [info] Using CSS file /home/arvind/.config/waybar/style.css
[2024-07-09 18:43:08.666] [info] Hyprland IPC starting
[2024-07-09 18:43:08.669] [info] Loading persistent workspaces from Hyprland workspace rules
New output: 47
Output 47: name = "HDMI-A-1"
Output 47: ramp_size = 1024
[2024-07-09 18:43:08.710] [info] Bar configured (width: 1920, height: 32) for output: HDMI-A-1
todo: handle signal: Some("NameAcquired")
todo: handle signal: Some("NameAcquired")
[2024-07-09 18:44:12.727] [info] Hyprland config reloaded, reinitializing hyprland/workspaces module...
[2024-07-09 18:44:12.752] [info] Loading persistent workspaces from Hyprland workspace rules
